2023-04-02 21:09:12.521949 - Initialized conversion of CBT038
2023-04-02 21:09:13.506401 - Received CBT.V504.FILE038.PDS from FILE038.XMI 
2023-04-02 21:09:13.509001 - Found $$$#DATE.txt (text/plain) in CBT.V504.FILE038.PDS, moved to PDS/$$$#DATE
2023-04-02 21:09:13.510048 - Found ###NEW##.txt (text/plain) in CBT.V504.FILE038.PDS, moved to PDS/###NEW##
2023-04-02 21:09:13.511348 - Found ##DOC.txt (text/plain) in CBT.V504.FILE038.PDS, moved to PDS/##DOC
2023-04-02 21:09:13.512581 - Found #GETFORT.jcl (text/plain) in CBT.V504.FILE038.PDS, moved to PDS/#GETFORT
2023-04-02 21:09:13.513808 - Found #GRAFICS.txt (text/plain) in CBT.V504.FILE038.PDS, moved to PDS/#GRAFICS
2023-04-02 21:09:13.514805 - Found #JCLFULL.jcl (text/plain) in CBT.V504.FILE038.PDS, moved to PDS/#JCLFULL
2023-04-02 21:09:13.515735 - Found #JCLPROG.txt (text/plain) in CBT.V504.FILE038.PDS, moved to PDS/#JCLPROG
2023-04-02 21:09:13.516688 - Found #KLHELP.txt (text/plain) in CBT.V504.FILE038.PDS, moved to PDS/#KLHELP
2023-04-02 21:09:13.517758 - Found #KLHERC.txt (text/plain) in CBT.V504.FILE038.PDS, moved to PDS/#KLHERC
2023-04-02 21:09:13.518859 - Found #KLSEQ.txt (text/plain) in CBT.V504.FILE038.PDS, moved to PDS/#KLSEQ
2023-04-02 21:09:13.520240 - Found #KL3270.txt (text/plain) in CBT.V504.FILE038.PDS, moved to PDS/#KL3270
2023-04-02 21:09:13.521235 - Found #LINK.txt (text/plain) in CBT.V504.FILE038.PDS, moved to PDS/#LINK
2023-04-02 21:09:13.522281 - Found #LNKINIT.txt (text/plain) in CBT.V504.FILE038.PDS, moved to PDS/#LNKINIT
2023-04-02 21:09:13.523342 - Found #MEMLIST.txt (text/plain) in CBT.V504.FILE038.PDS, moved to PDS/#MEMLIST
2023-04-02 21:09:13.524349 - Found #RULES.txt (text/plain) in CBT.V504.FILE038.PDS, moved to PDS/#RULES
2023-04-02 21:09:13.525624 - Found #SRULES.troff (text/troff) in CBT.V504.FILE038.PDS, moved to PDS/#SRULES
2023-04-02 21:09:13.526632 - Found @FILE038.txt (text/plain) in CBT.V504.FILE038.PDS, moved to PDS/@FILE038
2023-04-02 21:09:13.527575 - Found ABANMS.txt (text/plain) in CBT.V504.FILE038.PDS, moved to PDS/ABANMS
2023-04-02 21:09:13.528516 - Found ABSORB.txt (text/plain) in CBT.V504.FILE038.PDS, moved to PDS/ABSORB
2023-04-02 21:09:13.529460 - Found ADDQUE.txt (text/plain) in CBT.V504.FILE038.PDS, moved to PDS/ADDQUE
2023-04-02 21:09:13.530359 - Found APDEV.txt (text/plain) in CBT.V504.FILE038.PDS, moved to PDS/APDEV
2023-04-02 21:09:13.531294 - Found AROUND.txt (text/plain) in CBT.V504.FILE038.PDS, moved to PDS/AROUND
2023-04-02 21:09:13.532212 - Found BATTCK.txt (text/plain) in CBT.V504.FILE038.PDS, moved to PDS/BATTCK
2023-04-02 21:09:13.533082 - Found BATTLE.txt (text/plain) in CBT.V504.FILE038.PDS, moved to PDS/BATTLE
2023-04-02 21:09:13.533946 - Found BEEP.txt (text/plain) in CBT.V504.FILE038.PDS, moved to PDS/BEEP
2023-04-02 21:09:13.534858 - Found BEEP2.txt (text/plain) in CBT.V504.FILE038.PDS, moved to PDS/BEEP2
2023-04-02 21:09:13.535770 - Found BLOCKD.txt (text/plain) in CBT.V504.FILE038.PDS, moved to PDS/BLOCKD
2023-04-02 21:09:13.536667 - Found BRIDGE.txt (text/plain) in CBT.V504.FILE038.PDS, moved to PDS/BRIDGE
2023-04-02 21:09:13.537584 - Found BSTAT.txt (text/plain) in CBT.V504.FILE038.PDS, moved to PDS/BSTAT
2023-04-02 21:09:13.538511 - Found CBTCLIST.txt (text/plain) in CBT.V504.FILE038.PDS, moved to PDS/CBTCLIST
2023-04-02 21:09:13.539460 - Found CBTJCL.jcl (text/plain) in CBT.V504.FILE038.PDS, moved to PDS/CBTJCL
2023-04-02 21:09:13.540666 - Found CERT.txt (text/plain) in CBT.V504.FILE038.PDS, moved to PDS/CERT
2023-04-02 21:09:13.541598 - Found COMOVE.txt (text/plain) in CBT.V504.FILE038.PDS, moved to PDS/COMOVE
2023-04-02 21:09:13.542507 - Found COPVEC.txt (text/plain) in CBT.V504.FILE038.PDS, moved to PDS/COPVEC
2023-04-02 21:09:13.543413 - Found CORAND.txt (text/plain) in CBT.V504.FILE038.PDS, moved to PDS/CORAND
2023-04-02 21:09:13.544296 - Found CPAGE.txt (text/plain) in CBT.V504.FILE038.PDS, moved to PDS/CPAGE
2023-04-02 21:09:13.545217 - Found DAMAGE.txt (text/plain) in CBT.V504.FILE038.PDS, moved to PDS/DAMAGE
2023-04-02 21:09:13.546136 - Found DAMAGR.txt (text/plain) in CBT.V504.FILE038.PDS, moved to PDS/DAMAGR
2023-04-02 21:09:13.547137 - Found DBUGCH.txt (text/plain) in CBT.V504.FILE038.PDS, moved to PDS/DBUGCH
2023-04-02 21:09:13.548043 - Found DBUGIA.txt (text/plain) in CBT.V504.FILE038.PDS, moved to PDS/DBUGIA
2023-04-02 21:09:13.548955 - Found DBUGIN.txt (text/plain) in CBT.V504.FILE038.PDS, moved to PDS/DBUGIN
2023-04-02 21:09:13.549888 - Found DBUGRA.txt (text/plain) in CBT.V504.FILE038.PDS, moved to PDS/DBUGRA
2023-04-02 21:09:13.550796 - Found DBUGRN.txt (text/plain) in CBT.V504.FILE038.PDS, moved to PDS/DBUGRN
2023-04-02 21:09:13.551691 - Found DEATHR.txt (text/plain) in CBT.V504.FILE038.PDS, moved to PDS/DEATHR
2023-04-02 21:09:13.552590 - Found DEBUGX.txt (text/plain) in CBT.V504.FILE038.PDS, moved to PDS/DEBUGX
2023-04-02 21:09:13.553495 - Found DESMSG.txt (text/plain) in CBT.V504.FILE038.PDS, moved to PDS/DESMSG
2023-04-02 21:09:13.554405 - Found DISPIN.txt (text/plain) in CBT.V504.FILE038.PDS, moved to PDS/DISPIN
2023-04-02 21:09:13.555352 - Found DIST.txt (text/plain) in CBT.V504.FILE038.PDS, moved to PDS/DIST
2023-04-02 21:09:13.556435 - Found DOCK.txt (text/plain) in CBT.V504.FILE038.PDS, moved to PDS/DOCK
2023-04-02 21:09:13.557354 - Found DRAGIN.txt (text/plain) in CBT.V504.FILE038.PDS, moved to PDS/DRAGIN
2023-04-02 21:09:13.558287 - Found EMPLAC.txt (text/plain) in CBT.V504.FILE038.PDS, moved to PDS/EMPLAC
2023-04-02 21:09:13.559183 - Found ENGUSE.txt (text/plain) in CBT.V504.FILE038.PDS, moved to PDS/ENGUSE
2023-04-02 21:09:13.560085 - Found ENGYST.txt (text/plain) in CBT.V504.FILE038.PDS, moved to PDS/ENGYST
2023-04-02 21:09:13.560944 - Found ESCAPE.txt (text/plain) in CBT.V504.FILE038.PDS, moved to PDS/ESCAPE
2023-04-02 21:09:13.561839 - Found FREEZE.txt (text/plain) in CBT.V504.FILE038.PDS, moved to PDS/FREEZE
2023-04-02 21:09:13.562800 - Found FSIO1.txt (text/plain) in CBT.V504.FILE038.PDS, moved to PDS/FSIO1
2023-04-02 21:09:13.563714 - Found FSIO2.txt (text/plain) in CBT.V504.FILE038.PDS, moved to PDS/FSIO2
2023-04-02 21:09:13.564610 - Found GAINIT.txt (text/plain) in CBT.V504.FILE038.PDS, moved to PDS/GAINIT
2023-04-02 21:09:13.565446 - Found GRAFIC.txt (text/plain) in CBT.V504.FILE038.PDS, moved to PDS/GRAFIC
2023-04-02 21:09:13.566337 - Found HELP.txt (text/plain) in CBT.V504.FILE038.PDS, moved to PDS/HELP
2023-04-02 21:09:13.567236 - Found HELPRT.txt (text/plain) in CBT.V504.FILE038.PDS, moved to PDS/HELPRT
2023-04-02 21:09:13.568140 - Found ICROG.txt (text/plain) in CBT.V504.FILE038.PDS, moved to PDS/ICROG
2023-04-02 21:09:13.569019 - Found IDENT.txt (text/plain) in CBT.V504.FILE038.PDS, moved to PDS/IDENT
2023-04-02 21:09:13.569947 - Found IFEDST.txt (text/plain) in CBT.V504.FILE038.PDS, moved to PDS/IFEDST
2023-04-02 21:09:13.570935 - Found IFWIN.txt (text/plain) in CBT.V504.FILE038.PDS, moved to PDS/IFWIN
2023-04-02 21:09:13.572046 - Found INITCH.txt (text/plain) in CBT.V504.FILE038.PDS, moved to PDS/INITCH
2023-04-02 21:09:13.573005 - Found INITCT.txt (text/plain) in CBT.V504.FILE038.PDS, moved to PDS/INITCT
2023-04-02 21:09:13.573953 - Found INITDM.txt (text/plain) in CBT.V504.FILE038.PDS, moved to PDS/INITDM
2023-04-02 21:09:13.574879 - Found INITGR.txt (text/plain) in CBT.V504.FILE038.PDS, moved to PDS/INITGR
2023-04-02 21:09:13.575822 - Found INITKL.txt (text/plain) in CBT.V504.FILE038.PDS, moved to PDS/INITKL
2023-04-02 21:09:13.576735 - Found INTERC.txt (text/plain) in CBT.V504.FILE038.PDS, moved to PDS/INTERC
2023-04-02 21:09:13.577601 - Found INTRO.txt (text/plain) in CBT.V504.FILE038.PDS, moved to PDS/INTRO
2023-04-02 21:09:13.578451 - Found IN3270.txt (text/plain) in CBT.V504.FILE038.PDS, moved to PDS/IN3270
2023-04-02 21:09:13.579376 - Found ISBSET.txt (text/plain) in CBT.V504.FILE038.PDS, moved to PDS/ISBSET
2023-04-02 21:09:13.580294 - Found ISGN.txt (text/plain) in CBT.V504.FILE038.PDS, moved to PDS/ISGN
2023-04-02 21:09:13.581183 - Found ITERPT.txt (text/plain) in CBT.V504.FILE038.PDS, moved to PDS/ITERPT
2023-04-02 21:09:13.582044 - Found IW.txt (text/plain) in CBT.V504.FILE038.PDS, moved to PDS/IW
2023-04-02 21:09:13.582953 - Found IWI.txt (text/plain) in CBT.V504.FILE038.PDS, moved to PDS/IWI
2023-04-02 21:09:13.583828 - Found IWV.txt (text/plain) in CBT.V504.FILE038.PDS, moved to PDS/IWV
2023-04-02 21:09:13.584725 - Found JULIAN.txt (text/plain) in CBT.V504.FILE038.PDS, moved to PDS/JULIAN
2023-04-02 21:09:13.585608 - Found KILLER.txt (text/plain) in CBT.V504.FILE038.PDS, moved to PDS/KILLER
2023-04-02 21:09:13.586540 - Found KL.x-fortran (text/x-fortran) in CBT.V504.FILE038.PDS, moved to PDS/KL
2023-04-02 21:09:13.587460 - Found LINEF.txt (text/plain) in CBT.V504.FILE038.PDS, moved to PDS/LINEF
2023-04-02 21:09:13.588360 - Found LOCATE.txt (text/plain) in CBT.V504.FILE038.PDS, moved to PDS/LOCATE
2023-04-02 21:09:13.589257 - Found LONINT.txt (text/plain) in CBT.V504.FILE038.PDS, moved to PDS/LONINT
2023-04-02 21:09:13.590130 - Found LRSCAN.txt (text/plain) in CBT.V504.FILE038.PDS, moved to PDS/LRSCAN
2023-04-02 21:09:13.591053 - Found MAININ.txt (text/plain) in CBT.V504.FILE038.PDS, moved to PDS/MAININ
2023-04-02 21:09:13.591915 - Found MEMLPG.txt (text/plain) in CBT.V504.FILE038.PDS, moved to PDS/MEMLPG
2023-04-02 21:09:13.592780 - Found M2FAST.txt (text/plain) in CBT.V504.FILE038.PDS, moved to PDS/M2FAST
2023-04-02 21:09:13.593624 - Found NOVKIL.txt (text/plain) in CBT.V504.FILE038.PDS, moved to PDS/NOVKIL
2023-04-02 21:09:13.594496 - Found NUMREC.txt (text/plain) in CBT.V504.FILE038.PDS, moved to PDS/NUMREC
2023-04-02 21:09:13.595404 - Found OLDNEW.txt (text/plain) in CBT.V504.FILE038.PDS, moved to PDS/OLDNEW
2023-04-02 21:09:13.596336 - Found ORBIT.txt (text/plain) in CBT.V504.FILE038.PDS, moved to PDS/ORBIT
2023-04-02 21:09:13.597214 - Found PERHIT.txt (text/plain) in CBT.V504.FILE038.PDS, moved to PDS/PERHIT
2023-04-02 21:09:13.598092 - Found PHASER.txt (text/plain) in CBT.V504.FILE038.PDS, moved to PDS/PHASER
2023-04-02 21:09:13.598960 - Found PHOTON.txt (text/plain) in CBT.V504.FILE038.PDS, moved to PDS/PHOTON
2023-04-02 21:09:13.599834 - Found PLACE.txt (text/plain) in CBT.V504.FILE038.PDS, moved to PDS/PLACE
2023-04-02 21:09:13.600709 - Found PLAGAN.txt (text/plain) in CBT.V504.FILE038.PDS, moved to PDS/PLAGAN
2023-04-02 21:09:13.601548 - Found PLANET.txt (text/plain) in CBT.V504.FILE038.PDS, moved to PDS/PLANET
2023-04-02 21:09:13.602401 - Found PRCHRT.txt (text/plain) in CBT.V504.FILE038.PDS, moved to PDS/PRCHRT
2023-04-02 21:09:13.603289 - Found PRHIT.txt (text/plain) in CBT.V504.FILE038.PDS, moved to PDS/PRHIT
2023-04-02 21:09:13.604161 - Found PRMIM.txt (text/plain) in CBT.V504.FILE038.PDS, moved to PDS/PRMIM
2023-04-02 21:09:13.605121 - Found PRMRM.txt (text/plain) in CBT.V504.FILE038.PDS, moved to PDS/PRMRM
2023-04-02 21:09:13.606009 - Found PRMSG.txt (text/plain) in CBT.V504.FILE038.PDS, moved to PDS/PRMSG
2023-04-02 21:09:13.606900 - Found PRMSGC.txt (text/plain) in CBT.V504.FILE038.PDS, moved to PDS/PRMSGC
2023-04-02 21:09:13.607821 - Found PRMSG1.txt (text/plain) in CBT.V504.FILE038.PDS, moved to PDS/PRMSG1
2023-04-02 21:09:13.608686 - Found PRMSM.txt (text/plain) in CBT.V504.FILE038.PDS, moved to PDS/PRMSM
2023-04-02 21:09:13.609524 - Found PROMOT.txt (text/plain) in CBT.V504.FILE038.PDS, moved to PDS/PROMOT
2023-04-02 21:09:13.610398 - Found PRSC.txt (text/plain) in CBT.V504.FILE038.PDS, moved to PDS/PRSC
2023-04-02 21:09:13.611326 - Found PRTEND.txt (text/plain) in CBT.V504.FILE038.PDS, moved to PDS/PRTEND
2023-04-02 21:09:13.612283 - Found RAND.txt (text/plain) in CBT.V504.FILE038.PDS, moved to PDS/RAND
2023-04-02 21:09:13.613233 - Found RANDF.txt (text/plain) in CBT.V504.FILE038.PDS, moved to PDS/RANDF
2023-04-02 21:09:13.614123 - Found RANSET.txt (text/plain) in CBT.V504.FILE038.PDS, moved to PDS/RANSET
2023-04-02 21:09:13.615071 - Found READIN.txt (text/plain) in CBT.V504.FILE038.PDS, moved to PDS/READIN
2023-04-02 21:09:13.616004 - Found REPAIR.txt (text/plain) in CBT.V504.FILE038.PDS, moved to PDS/REPAIR
2023-04-02 21:09:13.616936 - Found RESORT.txt (text/plain) in CBT.V504.FILE038.PDS, moved to PDS/RESORT
2023-04-02 21:09:13.617809 - Found SCAN.txt (text/plain) in CBT.V504.FILE038.PDS, moved to PDS/SCAN
2023-04-02 21:09:13.618719 - Found SCORE.txt (text/plain) in CBT.V504.FILE038.PDS, moved to PDS/SCORE
2023-04-02 21:09:13.619668 - Found SECSET.txt (text/plain) in CBT.V504.FILE038.PDS, moved to PDS/SECSET
2023-04-02 21:09:13.620552 - Found SENDEC.txt (text/plain) in CBT.V504.FILE038.PDS, moved to PDS/SENDEC
2023-04-02 21:09:13.621447 - Found SETFED.txt (text/plain) in CBT.V504.FILE038.PDS, moved to PDS/SETFED
2023-04-02 21:09:13.622321 - Found SETFOR.txt (text/plain) in CBT.V504.FILE038.PDS, moved to PDS/SETFOR
2023-04-02 21:09:13.623240 - Found SHECON.txt (text/plain) in CBT.V504.FILE038.PDS, moved to PDS/SHECON
2023-04-02 21:09:13.624142 - Found SHIFT.txt (text/plain) in CBT.V504.FILE038.PDS, moved to PDS/SHIFT
2023-04-02 21:09:13.625069 - Found SHIFTAB.txt (text/plain) in CBT.V504.FILE038.PDS, moved to PDS/SHIFTAB
2023-04-02 21:09:13.625939 - Found SHIFTC.txt (text/plain) in CBT.V504.FILE038.PDS, moved to PDS/SHIFTC
2023-04-02 21:09:13.626816 - Found SHIP.txt (text/plain) in CBT.V504.FILE038.PDS, moved to PDS/SHIP
2023-04-02 21:09:13.627714 - Found SRS.txt (text/plain) in CBT.V504.FILE038.PDS, moved to PDS/SRS
2023-04-02 21:09:13.628587 - Found SRSCAN.txt (text/plain) in CBT.V504.FILE038.PDS, moved to PDS/SRSCAN
2023-04-02 21:09:13.629420 - Found SR3270.txt (text/plain) in CBT.V504.FILE038.PDS, moved to PDS/SR3270
2023-04-02 21:09:13.630293 - Found SSDEST.txt (text/plain) in CBT.V504.FILE038.PDS, moved to PDS/SSDEST
2023-04-02 21:09:13.631249 - Found SSFIND.txt (text/plain) in CBT.V504.FILE038.PDS, moved to PDS/SSFIND
2023-04-02 21:09:13.632182 - Found SSINIT.txt (text/plain) in CBT.V504.FILE038.PDS, moved to PDS/SSINIT
2023-04-02 21:09:13.633090 - Found SSMOVI.txt (text/plain) in CBT.V504.FILE038.PDS, moved to PDS/SSMOVI
2023-04-02 21:09:13.633998 - Found SSMOVO.txt (text/plain) in CBT.V504.FILE038.PDS, moved to PDS/SSMOVO
2023-04-02 21:09:13.634945 - Found SSPRNT.txt (text/plain) in CBT.V504.FILE038.PDS, moved to PDS/SSPRNT
2023-04-02 21:09:13.635822 - Found SSTART.txt (text/plain) in CBT.V504.FILE038.PDS, moved to PDS/SSTART
2023-04-02 21:09:13.636729 - Found STARTM.txt (text/plain) in CBT.V504.FILE038.PDS, moved to PDS/STARTM
2023-04-02 21:09:13.637579 - Found STAX.txt (text/plain) in CBT.V504.FILE038.PDS, moved to PDS/STAX
2023-04-02 21:09:13.638459 - Found STIMER.txt (text/plain) in CBT.V504.FILE038.PDS, moved to PDS/STIMER
2023-04-02 21:09:13.639364 - Found SZTERM.txt (text/plain) in CBT.V504.FILE038.PDS, moved to PDS/SZTERM
2023-04-02 21:09:13.640289 - Found TARSET.txt (text/plain) in CBT.V504.FILE038.PDS, moved to PDS/TARSET
2023-04-02 21:09:13.641162 - Found TIME.txt (text/plain) in CBT.V504.FILE038.PDS, moved to PDS/TIME
2023-04-02 21:09:13.642007 - Found TIMMSG.txt (text/plain) in CBT.V504.FILE038.PDS, moved to PDS/TIMMSG
2023-04-02 21:09:13.642924 - Found TIMUSE.txt (text/plain) in CBT.V504.FILE038.PDS, moved to PDS/TIMUSE
2023-04-02 21:09:13.643967 - Found TRACK.txt (text/plain) in CBT.V504.FILE038.PDS, moved to PDS/TRACK
2023-04-02 21:09:13.644842 - Found TSMSG.txt (text/plain) in CBT.V504.FILE038.PDS, moved to PDS/TSMSG
2023-04-02 21:09:13.645741 - Found XCHEAD.txt (text/plain) in CBT.V504.FILE038.PDS, moved to PDS/XCHEAD
2023-04-02 21:09:13.646624 - Found XDEBUG.txt (text/plain) in CBT.V504.FILE038.PDS, moved to PDS/XDEBUG
2023-04-02 21:09:13.647564 - Found XFILLB.txt (text/plain) in CBT.V504.FILE038.PDS, moved to PDS/XFILLB
2023-04-02 21:09:13.648481 - Found YESNO.txt (text/plain) in CBT.V504.FILE038.PDS, moved to PDS/YESNO
